<?xml version="1.0" encoding="UTF-8"?>
<!-- Generated by org.testng.reporters.JUnitReportReporter -->
<testsuite hostname="LAPTOP-PON6RPV8" failures="0" tests="2" name="testNGParallelExecution.TestNg4" time="0.017" errors="0" timestamp="2023-01-23T14:41:49 IST" skipped="0">
  <testcase classname="testNGParallelExecution.TestNg4" name="today" time="0.016"/>
  <system-out>
    <![CDATA[today method1 is the thread]]>
  </system-out>
  <testcase classname="testNGParallelExecution.TestNg4" name="tomorrow" time="0.001"/>
  <system-out>
    <![CDATA[tomorrow method1 is the thread]]>
  </system-out>
</testsuite> <!-- testNGParallelExecution.TestNg4 -->
