<?xml version="1.0" encoding="UTF-8"?>
<!-- Generated by org.testng.reporters.JUnitReportReporter -->
<testsuite hostname="LAPTOP-PON6RPV8" failures="0" tests="3" name="testNGPack.Remo" time="0.006" errors="0" timestamp="2023-01-19T15:07:17 IST" skipped="0">
  <testcase classname="testNGPack.Remo" name="remo1" time="0.002"/>
  <system-out>
    <![CDATA[This is remo1 method!!!]]>
  </system-out>
  <testcase classname="testNGPack.Remo" name="remo" time="0.002"/>
  <system-out>
    <![CDATA[This is remo method]]>
  </system-out>
  <testcase classname="testNGPack.Remo" name="remo2" time="0.002"/>
  <system-out>
    <![CDATA[This is remo2 method!!!]]>
  </system-out>
</testsuite> <!-- testNGPack.Remo -->
