<?xml version="1.0" encoding="UTF-8"?>
<!-- Generated by org.testng.reporters.JUnitReportReporter -->
<testsuite hostname="LAPTOP-PON6RPV8" failures="0" tests="1" name="testNGPack2.Class4" time="8.609" errors="0" timestamp="2023-01-20T14:07:37 IST" skipped="0">
  <testcase classname="testNGPack2.Class4" name="automation" time="8.609"/>
  <system-out/>
</testsuite> <!-- testNGPack2.Class4 -->
