<?xml version="1.0" encoding="UTF-8"?>
<!-- Generated by org.testng.reporters.JUnitReportReporter -->
<testsuite hostname="LAPTOP-PON6RPV8" failures="0" tests="1" name="testNGPack2.NoAnnotations" time="0.009" errors="0" timestamp="2023-01-20T16:36:58 IST" skipped="0">
  <testcase classname="testNGPack2.NoAnnotations" name="test" time="0.009"/>
  <system-out>
    <![CDATA[@Test Annotation]]>
  </system-out>
</testsuite> <!-- testNGPack2.NoAnnotations -->
