<?xml version="1.0" encoding="UTF-8"?>
<!-- Generated by org.testng.reporters.JUnitReportReporter -->
<testsuite hostname="LAPTOP-PON6RPV8" failures="0" tests="1" name="testNGPack2.Class1" time="4.081" errors="0" timestamp="2023-01-20T14:20:50 IST" skipped="0">
  <testcase classname="testNGPack2.Class1" name="sql" time="4.081"/>
  <system-out>
    <![CDATA[method of Sql]]>
  </system-out>
</testsuite> <!-- testNGPack2.Class1 -->
