<?xml version="1.0" encoding="UTF-8"?>
<!-- Generated by org.testng.reporters.JUnitReportReporter -->
<testsuite hostname="LAPTOP-PON6RPV8" failures="0" tests="2" name="testNGParallelExecution.TestNGClass3" time="0.011" errors="0" timestamp="2023-01-23T14:01:19 IST" skipped="0">
  <testcase classname="testNGParallelExecution.TestNGClass3" name="method1" time="0.010"/>
  <system-out>
    <![CDATA[i am Method1]]>
  </system-out>
  <testcase classname="testNGParallelExecution.TestNGClass3" name="method2" time="0.001"/>
  <system-out>
    <![CDATA[i am Method2]]>
  </system-out>
</testsuite> <!-- testNGParallelExecution.TestNGClass3 -->
