<?xml version="1.0" encoding="UTF-8"?>
<!-- Generated by org.testng.reporters.JUnitReportReporter -->
<testsuite hostname="LAPTOP-PON6RPV8" failures="0" tests="3" name="testNGPack2.Flag4" time="0.010" errors="0" timestamp="2023-01-20T14:49:09 IST" skipped="0">
  <testcase classname="testNGPack2.Flag4" name="logInMethod" time="0.008"/>
  <system-out>
    <![CDATA[Log IN is Done]]>
  </system-out>
  <testcase classname="testNGPack2.Flag4" name="createUser" time="0.001"/>
  <system-out>
    <![CDATA[User Created!]]>
  </system-out>
  <testcase classname="testNGPack2.Flag4" name="logOutMethod" time="0.001"/>
  <system-out>
    <![CDATA[LogOut Done]]>
  </system-out>
</testsuite> <!-- testNGPack2.Flag4 -->
