<?xml version="1.0" encoding="UTF-8"?>
<!-- Generated by org.testng.reporters.JUnitReportReporter -->
<testsuite hostname="LAPTOP-PON6RPV8" failures="0" tests="1" name="testNGPack2.Class2" time="3.521" errors="0" timestamp="2023-01-20T14:22:28 IST" skipped="0">
  <testcase classname="testNGPack2.Class2" name="mt" time="3.521"/>
  <system-out/>
</testsuite> <!-- testNGPack2.Class2 -->
