<?xml version="1.0" encoding="UTF-8"?>
<!-- Generated by org.testng.reporters.JUnitReportReporter -->
<testsuite hostname="LAPTOP-PON6RPV8" failures="0" tests="1" name="testNGParallelExecution.TestNGClass1" time="0.009" errors="0" timestamp="2023-01-23T13:56:02 IST" skipped="0">
  <testcase classname="testNGParallelExecution.TestNGClass1" name="m1" time="0.009"/>
  <system-out>
    <![CDATA[m1 Method]]>
  </system-out>
</testsuite> <!-- testNGParallelExecution.TestNGClass1 -->
