<?xml version="1.0" encoding="UTF-8"?>
<!-- Generated by org.testng.reporters.JUnitReportReporter -->
<testsuite hostname="LAPTOP-PON6RPV8" failures="0" tests="1" name="testNGPack.Demo" time="0.011" errors="0" timestamp="2023-01-19T22:47:34 IST" skipped="0">
  <testcase classname="testNGPack.Demo" name="demo2" time="0.011"/>
  <system-out/>
</testsuite> <!-- testNGPack.Demo -->
